<?xml version="1.0" encoding="utf-8" standalone="no"?>
<!--This file represents the results of running a test suite-->
<test-results name="C:\Users\sveina\src\libraries\autotestnet\src\autotestnet-read-only\src\AutoTest.Test\bin\Debug\TestArtifacts\VS2008\CSharp\CSharpNUnitTestProject\bin\Debug\CSharpNUnitTestProject.dll" total="2" failures="0" not-run="0" date="2010-06-12" time="00:00:42">
  <environment nunit-version="2.4.8.0" clr-version="2.0.50727.4927" os-version="Microsoft Windows NT 6.1.7600.0" platform="Win32NT" cwd="C:\Users\sveina\src\libraries\autotestnet\src\autotestnet-read-only\lib\NUnit" machine-name="SVEINA" user="sveina" user-domain="MAMUT" />
  <culture-info current-culture="nb-NO" current-uiculture="en-US" />
  <test-suite name="C:\Users\sveina\src\libraries\autotestnet\src\autotestnet-read-only\src\AutoTest.Test\bin\Debug\TestArtifacts\VS2008\CSharp\CSharpNUnitTestProject\bin\Debug\CSharpNUnitTestProject.dll" success="True" time="0.114" asserts="0">
    <results>
      <test-suite name="CSharpNUnitTestProject" success="True" time="0.100" asserts="0">
        <results>
          <test-suite name="Class1" success="True" time="0.074" asserts="0">
            <results>
              <test-case name="CSharpNUnitTestProject.Class1.Should_return_15" executed="True" success="True" time="0.052" asserts="1" />
              <test-case name="CSharpNUnitTestProject.Class1.Something" executed="True" success="True" time="0.000" asserts="1" />
            </results>
          </test-suite>
        </results>
      </test-suite>
    </results>
  </test-suite>
</test-results>